WARNING - 2024-09-04 00:05:34 --> [DEPRECATED] Creation of dynamic property App\Libraries\DataTables::$db is deprecated in APPPATH\Libraries\DataTables.php on line 9.
 1 APPPATH\Controllers\testabel.php(12): App\Libraries\DataTables->__construct()
 2 SYSTEMPATH\CodeIgniter.php(903): App\Controllers\testabel->__construct()
 3 SYSTEMPATH\CodeIgniter.php(500): CodeIgniter\CodeIgniter->createController()
 4 SYSTEMPATH\CodeIgniter.php(355): CodeIgniter\CodeIgniter->handleRequest(null, Object(Config\Cache), false)
 5 SYSTEMPATH\Boot.php(325): CodeIgniter\CodeIgniter->run()
 6 SYSTEMPATH\Boot.php(67): CodeIgniter\Boot::runCodeIgniter(Object(CodeIgniter\CodeIgniter))
 7 FCPATH\index.php(56): CodeIgniter\Boot::bootWeb(Object(Config\Paths))
WARNING - 2024-09-04 00:05:34 --> [DEPRECATED] Creation of dynamic property App\Controllers\testabel::$DataTables is deprecated in APPPATH\Controllers\testabel.php on line 12.
 1 SYSTEMPATH\CodeIgniter.php(903): App\Controllers\testabel->__construct()
 2 SYSTEMPATH\CodeIgniter.php(500): CodeIgniter\CodeIgniter->createController()
 3 SYSTEMPATH\CodeIgniter.php(355): CodeIgniter\CodeIgniter->handleRequest(null, Object(Config\Cache), false)
 4 SYSTEMPATH\Boot.php(325): CodeIgniter\CodeIgniter->run()
 5 SYSTEMPATH\Boot.php(67): CodeIgniter\Boot::runCodeIgniter(Object(CodeIgniter\CodeIgniter))
 6 FCPATH\index.php(56): CodeIgniter\Boot::bootWeb(Object(Config\Paths))
WARNING - 2024-09-04 00:05:35 --> [DEPRECATED] Creation of dynamic property App\Libraries\DataTables::$db is deprecated in APPPATH\Libraries\DataTables.php on line 9.
 1 APPPATH\Controllers\testabel.php(12): App\Libraries\DataTables->__construct()
 2 SYSTEMPATH\CodeIgniter.php(903): App\Controllers\testabel->__construct()
 3 SYSTEMPATH\CodeIgniter.php(500): CodeIgniter\CodeIgniter->createController()
 4 SYSTEMPATH\CodeIgniter.php(355): CodeIgniter\CodeIgniter->handleRequest(null, Object(Config\Cache), false)
 5 SYSTEMPATH\Boot.php(325): CodeIgniter\CodeIgniter->run()
 6 SYSTEMPATH\Boot.php(67): CodeIgniter\Boot::runCodeIgniter(Object(CodeIgniter\CodeIgniter))
 7 FCPATH\index.php(56): CodeIgniter\Boot::bootWeb(Object(Config\Paths))
WARNING - 2024-09-04 00:05:35 --> [DEPRECATED] Creation of dynamic property App\Controllers\testabel::$DataTables is deprecated in APPPATH\Controllers\testabel.php on line 12.
 1 SYSTEMPATH\CodeIgniter.php(903): App\Controllers\testabel->__construct()
 2 SYSTEMPATH\CodeIgniter.php(500): CodeIgniter\CodeIgniter->createController()
 3 SYSTEMPATH\CodeIgniter.php(355): CodeIgniter\CodeIgniter->handleRequest(null, Object(Config\Cache), false)
 4 SYSTEMPATH\Boot.php(325): CodeIgniter\CodeIgniter->run()
 5 SYSTEMPATH\Boot.php(67): CodeIgniter\Boot::runCodeIgniter(Object(CodeIgniter\CodeIgniter))
 6 FCPATH\index.php(56): CodeIgniter\Boot::bootWeb(Object(Config\Paths))
ERROR - 2024-09-04 00:05:35 --> mysqli_sql_exception: Unknown column 'tempat' in 'where clause' in C:\xampp\htdocs\WebArsip\system\Database\MySQLi\Connection.php:312
Stack trace:
#0 C:\xampp\htdocs\WebArsip\system\Database\MySQLi\Connection.php(312): mysqli->query('SELECT * FROM p...', 0)
#1 C:\xampp\htdocs\WebArsip\system\Database\BaseConnection.php(734): CodeIgniter\Database\MySQLi\Connection->execute('SELECT * FROM p...')
#2 C:\xampp\htdocs\WebArsip\system\Database\BaseConnection.php(648): CodeIgniter\Database\BaseConnection->simpleQuery('SELECT * FROM p...')
#3 C:\xampp\htdocs\WebArsip\app\Libraries\DataTables.php(76): CodeIgniter\Database\BaseConnection->query('SELECT * FROM p...')
#4 C:\xampp\htdocs\WebArsip\app\Controllers\testabel.php(29): App\Libraries\DataTables->BuildDatatables('SELECT * FROM p...', NULL, NULL, 'nama LIKE '%%' ...')
#5 C:\xampp\htdocs\WebArsip\system\CodeIgniter.php(933): App\Controllers\testabel->grid()
#6 C:\xampp\htdocs\WebArsip\system\CodeIgniter.php(509): CodeIgniter\CodeIgniter->runController(Object(App\Controllers\testabel))
#7 C:\xampp\htdocs\WebArsip\system\CodeIgniter.php(355): CodeIgniter\CodeIgniter->handleRequest(NULL, Object(Config\Cache), false)
#8 C:\xampp\htdocs\WebArsip\system\Boot.php(325): CodeIgniter\CodeIgniter->run()
#9 C:\xampp\htdocs\WebArsip\system\Boot.php(67): CodeIgniter\Boot::runCodeIgniter(Object(CodeIgniter\CodeIgniter))
#10 C:\xampp\htdocs\WebArsip\public\index.php(56): CodeIgniter\Boot::bootWeb(Object(Config\Paths))
#11 {main}
CRITICAL - 2024-09-04 00:05:35 --> CodeIgniter\Database\Exceptions\DatabaseException: Unknown column 'tempat' in 'where clause'
[Method: POST, Route: testabel/grid]
in SYSTEMPATH\Database\BaseConnection.php on line 688.
 1 APPPATH\Libraries\DataTables.php(76): CodeIgniter\Database\BaseConnection->query('SELECT * FROM pegawai_bbppks WHERE (nama LIKE \'%%\' OR nip LIKE \'%%\' OR tempat/tgllahir LIKE \'%%\' OR jnsklmn LIKE \'%%\' OR statuskpg LIKE \'%%\' OR gol/tmtcpns LIKE \'%%\' OR gol/tmt LIKE \'%%\' OR agama LIKE \'%%\' OR pendidikan LIKE \'%%\' OR jabatan LIKE \'%%\' OR tmt LIKE \'%%\' OR eselon LIKE \'%%\' OR diklat/jabatan LIKE \'%%\') ORDER BY nip asc LIMIT 15 OFFSET 0')
 2 APPPATH\Controllers\testabel.php(29): App\Libraries\DataTables->BuildDatatables('SELECT * FROM pegawai_bbppks', null, null, 'nama LIKE \'%%\' OR nip LIKE \'%%\' OR tempat/tgllahir LIKE \'%%\' OR jnsklmn LIKE \'%%\' OR statuskpg LIKE \'%%\' OR gol/tmtcpns LIKE \'%%\' OR gol/tmt LIKE \'%%\' OR agama LIKE \'%%\' OR pendidikan LIKE \'%%\' OR jabatan LIKE \'%%\' OR tmt LIKE \'%%\' OR eselon LIKE \'%%\' OR diklat/jabatan LIKE \'%%\'')
 3 SYSTEMPATH\CodeIgniter.php(933): App\Controllers\testabel->grid()
 4 SYSTEMPATH\CodeIgniter.php(509): CodeIgniter\CodeIgniter->runController(Object(App\Controllers\testabel))
 5 SYSTEMPATH\CodeIgniter.php(355): CodeIgniter\CodeIgniter->handleRequest(null, Object(Config\Cache), false)
 6 SYSTEMPATH\Boot.php(325): CodeIgniter\CodeIgniter->run()
 7 SYSTEMPATH\Boot.php(67): CodeIgniter\Boot::runCodeIgniter(Object(CodeIgniter\CodeIgniter))
 8 FCPATH\index.php(56): CodeIgniter\Boot::bootWeb(Object(Config\Paths))
CRITICAL - 2024-09-04 00:05:35 --> [Caused by] CodeIgniter\Database\Exceptions\DatabaseException: Unknown column 'tempat' in 'where clause'
in SYSTEMPATH\Database\MySQLi\Connection.php on line 317.
 1 SYSTEMPATH\Database\BaseConnection.php(734): CodeIgniter\Database\MySQLi\Connection->execute('SELECT * FROM pegawai_bbppks WHERE (nama LIKE \'%%\' OR nip LIKE \'%%\' OR tempat/tgllahir LIKE \'%%\' OR jnsklmn LIKE \'%%\' OR statuskpg LIKE \'%%\' OR gol/tmtcpns LIKE \'%%\' OR gol/tmt LIKE \'%%\' OR agama LIKE \'%%\' OR pendidikan LIKE \'%%\' OR jabatan LIKE \'%%\' OR tmt LIKE \'%%\' OR eselon LIKE \'%%\' OR diklat/jabatan LIKE \'%%\') ORDER BY nip asc LIMIT 15 OFFSET 0')
 2 SYSTEMPATH\Database\BaseConnection.php(648): CodeIgniter\Database\BaseConnection->simpleQuery('SELECT * FROM pegawai_bbppks WHERE (nama LIKE \'%%\' OR nip LIKE \'%%\' OR tempat/tgllahir LIKE \'%%\' OR jnsklmn LIKE \'%%\' OR statuskpg LIKE \'%%\' OR gol/tmtcpns LIKE \'%%\' OR gol/tmt LIKE \'%%\' OR agama LIKE \'%%\' OR pendidikan LIKE \'%%\' OR jabatan LIKE \'%%\' OR tmt LIKE \'%%\' OR eselon LIKE \'%%\' OR diklat/jabatan LIKE \'%%\') ORDER BY nip asc LIMIT 15 OFFSET 0')
 3 APPPATH\Libraries\DataTables.php(76): CodeIgniter\Database\BaseConnection->query('SELECT * FROM pegawai_bbppks WHERE (nama LIKE \'%%\' OR nip LIKE \'%%\' OR tempat/tgllahir LIKE \'%%\' OR jnsklmn LIKE \'%%\' OR statuskpg LIKE \'%%\' OR gol/tmtcpns LIKE \'%%\' OR gol/tmt LIKE \'%%\' OR agama LIKE \'%%\' OR pendidikan LIKE \'%%\' OR jabatan LIKE \'%%\' OR tmt LIKE \'%%\' OR eselon LIKE \'%%\' OR diklat/jabatan LIKE \'%%\') ORDER BY nip asc LIMIT 15 OFFSET 0')
 4 APPPATH\Controllers\testabel.php(29): App\Libraries\DataTables->BuildDatatables('SELECT * FROM pegawai_bbppks', null, null, 'nama LIKE \'%%\' OR nip LIKE \'%%\' OR tempat/tgllahir LIKE \'%%\' OR jnsklmn LIKE \'%%\' OR statuskpg LIKE \'%%\' OR gol/tmtcpns LIKE \'%%\' OR gol/tmt LIKE \'%%\' OR agama LIKE \'%%\' OR pendidikan LIKE \'%%\' OR jabatan LIKE \'%%\' OR tmt LIKE \'%%\' OR eselon LIKE \'%%\' OR diklat/jabatan LIKE \'%%\'')
 5 SYSTEMPATH\CodeIgniter.php(933): App\Controllers\testabel->grid()
 6 SYSTEMPATH\CodeIgniter.php(509): CodeIgniter\CodeIgniter->runController(Object(App\Controllers\testabel))
 7 SYSTEMPATH\CodeIgniter.php(355): CodeIgniter\CodeIgniter->handleRequest(null, Object(Config\Cache), false)
 8 SYSTEMPATH\Boot.php(325): CodeIgniter\CodeIgniter->run()
 9 SYSTEMPATH\Boot.php(67): CodeIgniter\Boot::runCodeIgniter(Object(CodeIgniter\CodeIgniter))
10 FCPATH\index.php(56): CodeIgniter\Boot::bootWeb(Object(Config\Paths))
CRITICAL - 2024-09-04 00:05:35 --> [Caused by] mysqli_sql_exception: Unknown column 'tempat' in 'where clause'
in SYSTEMPATH\Database\MySQLi\Connection.php on line 312.
 1 SYSTEMPATH\Database\MySQLi\Connection.php(312): mysqli->query('SELECT * FROM pegawai_bbppks WHERE (nama LIKE \'%%\' OR nip LIKE \'%%\' OR tempat/tgllahir LIKE \'%%\' OR jnsklmn LIKE \'%%\' OR statuskpg LIKE \'%%\' OR gol/tmtcpns LIKE \'%%\' OR gol/tmt LIKE \'%%\' OR agama LIKE \'%%\' OR pendidikan LIKE \'%%\' OR jabatan LIKE \'%%\' OR tmt LIKE \'%%\' OR eselon LIKE \'%%\' OR diklat/jabatan LIKE \'%%\') ORDER BY nip asc LIMIT 15 OFFSET 0', 0)
 2 SYSTEMPATH\Database\BaseConnection.php(734): CodeIgniter\Database\MySQLi\Connection->execute('SELECT * FROM pegawai_bbppks WHERE (nama LIKE \'%%\' OR nip LIKE \'%%\' OR tempat/tgllahir LIKE \'%%\' OR jnsklmn LIKE \'%%\' OR statuskpg LIKE \'%%\' OR gol/tmtcpns LIKE \'%%\' OR gol/tmt LIKE \'%%\' OR agama LIKE \'%%\' OR pendidikan LIKE \'%%\' OR jabatan LIKE \'%%\' OR tmt LIKE \'%%\' OR eselon LIKE \'%%\' OR diklat/jabatan LIKE \'%%\') ORDER BY nip asc LIMIT 15 OFFSET 0')
 3 SYSTEMPATH\Database\BaseConnection.php(648): CodeIgniter\Database\BaseConnection->simpleQuery('SELECT * FROM pegawai_bbppks WHERE (nama LIKE \'%%\' OR nip LIKE \'%%\' OR tempat/tgllahir LIKE \'%%\' OR jnsklmn LIKE \'%%\' OR statuskpg LIKE \'%%\' OR gol/tmtcpns LIKE \'%%\' OR gol/tmt LIKE \'%%\' OR agama LIKE \'%%\' OR pendidikan LIKE \'%%\' OR jabatan LIKE \'%%\' OR tmt LIKE \'%%\' OR eselon LIKE \'%%\' OR diklat/jabatan LIKE \'%%\') ORDER BY nip asc LIMIT 15 OFFSET 0')
 4 APPPATH\Libraries\DataTables.php(76): CodeIgniter\Database\BaseConnection->query('SELECT * FROM pegawai_bbppks WHERE (nama LIKE \'%%\' OR nip LIKE \'%%\' OR tempat/tgllahir LIKE \'%%\' OR jnsklmn LIKE \'%%\' OR statuskpg LIKE \'%%\' OR gol/tmtcpns LIKE \'%%\' OR gol/tmt LIKE \'%%\' OR agama LIKE \'%%\' OR pendidikan LIKE \'%%\' OR jabatan LIKE \'%%\' OR tmt LIKE \'%%\' OR eselon LIKE \'%%\' OR diklat/jabatan LIKE \'%%\') ORDER BY nip asc LIMIT 15 OFFSET 0')
 5 APPPATH\Controllers\testabel.php(29): App\Libraries\DataTables->BuildDatatables('SELECT * FROM pegawai_bbppks', null, null, 'nama LIKE \'%%\' OR nip LIKE \'%%\' OR tempat/tgllahir LIKE \'%%\' OR jnsklmn LIKE \'%%\' OR statuskpg LIKE \'%%\' OR gol/tmtcpns LIKE \'%%\' OR gol/tmt LIKE \'%%\' OR agama LIKE \'%%\' OR pendidikan LIKE \'%%\' OR jabatan LIKE \'%%\' OR tmt LIKE \'%%\' OR eselon LIKE \'%%\' OR diklat/jabatan LIKE \'%%\'')
 6 SYSTEMPATH\CodeIgniter.php(933): App\Controllers\testabel->grid()
 7 SYSTEMPATH\CodeIgniter.php(509): CodeIgniter\CodeIgniter->runController(Object(App\Controllers\testabel))
 8 SYSTEMPATH\CodeIgniter.php(355): CodeIgniter\CodeIgniter->handleRequest(null, Object(Config\Cache), false)
 9 SYSTEMPATH\Boot.php(325): CodeIgniter\CodeIgniter->run()
10 SYSTEMPATH\Boot.php(67): CodeIgniter\Boot::runCodeIgniter(Object(CodeIgniter\CodeIgniter))
11 FCPATH\index.php(56): CodeIgniter\Boot::bootWeb(Object(Config\Paths))
WARNING - 2024-09-04 00:07:26 --> [DEPRECATED] Creation of dynamic property App\Libraries\DataTables::$db is deprecated in APPPATH\Libraries\DataTables.php on line 9.
 1 APPPATH\Controllers\testabel.php(12): App\Libraries\DataTables->__construct()
 2 SYSTEMPATH\CodeIgniter.php(903): App\Controllers\testabel->__construct()
 3 SYSTEMPATH\CodeIgniter.php(500): CodeIgniter\CodeIgniter->createController()
 4 SYSTEMPATH\CodeIgniter.php(355): CodeIgniter\CodeIgniter->handleRequest(null, Object(Config\Cache), false)
 5 SYSTEMPATH\Boot.php(325): CodeIgniter\CodeIgniter->run()
 6 SYSTEMPATH\Boot.php(67): CodeIgniter\Boot::runCodeIgniter(Object(CodeIgniter\CodeIgniter))
 7 FCPATH\index.php(56): CodeIgniter\Boot::bootWeb(Object(Config\Paths))
WARNING - 2024-09-04 00:07:26 --> [DEPRECATED] Creation of dynamic property App\Controllers\testabel::$DataTables is deprecated in APPPATH\Controllers\testabel.php on line 12.
 1 SYSTEMPATH\CodeIgniter.php(903): App\Controllers\testabel->__construct()
 2 SYSTEMPATH\CodeIgniter.php(500): CodeIgniter\CodeIgniter->createController()
 3 SYSTEMPATH\CodeIgniter.php(355): CodeIgniter\CodeIgniter->handleRequest(null, Object(Config\Cache), false)
 4 SYSTEMPATH\Boot.php(325): CodeIgniter\CodeIgniter->run()
 5 SYSTEMPATH\Boot.php(67): CodeIgniter\Boot::runCodeIgniter(Object(CodeIgniter\CodeIgniter))
 6 FCPATH\index.php(56): CodeIgniter\Boot::bootWeb(Object(Config\Paths))
WARNING - 2024-09-04 00:07:27 --> [DEPRECATED] Creation of dynamic property App\Libraries\DataTables::$db is deprecated in APPPATH\Libraries\DataTables.php on line 9.
 1 APPPATH\Controllers\testabel.php(12): App\Libraries\DataTables->__construct()
 2 SYSTEMPATH\CodeIgniter.php(903): App\Controllers\testabel->__construct()
 3 SYSTEMPATH\CodeIgniter.php(500): CodeIgniter\CodeIgniter->createController()
 4 SYSTEMPATH\CodeIgniter.php(355): CodeIgniter\CodeIgniter->handleRequest(null, Object(Config\Cache), false)
 5 SYSTEMPATH\Boot.php(325): CodeIgniter\CodeIgniter->run()
 6 SYSTEMPATH\Boot.php(67): CodeIgniter\Boot::runCodeIgniter(Object(CodeIgniter\CodeIgniter))
 7 FCPATH\index.php(56): CodeIgniter\Boot::bootWeb(Object(Config\Paths))
WARNING - 2024-09-04 00:07:27 --> [DEPRECATED] Creation of dynamic property App\Controllers\testabel::$DataTables is deprecated in APPPATH\Controllers\testabel.php on line 12.
 1 SYSTEMPATH\CodeIgniter.php(903): App\Controllers\testabel->__construct()
 2 SYSTEMPATH\CodeIgniter.php(500): CodeIgniter\CodeIgniter->createController()
 3 SYSTEMPATH\CodeIgniter.php(355): CodeIgniter\CodeIgniter->handleRequest(null, Object(Config\Cache), false)
 4 SYSTEMPATH\Boot.php(325): CodeIgniter\CodeIgniter->run()
 5 SYSTEMPATH\Boot.php(67): CodeIgniter\Boot::runCodeIgniter(Object(CodeIgniter\CodeIgniter))
 6 FCPATH\index.php(56): CodeIgniter\Boot::bootWeb(Object(Config\Paths))
WARNING - 2024-09-04 00:08:28 --> [DEPRECATED] Creation of dynamic property App\Libraries\DataTables::$db is deprecated in APPPATH\Libraries\DataTables.php on line 9.
 1 APPPATH\Controllers\testabel.php(12): App\Libraries\DataTables->__construct()
 2 SYSTEMPATH\CodeIgniter.php(903): App\Controllers\testabel->__construct()
 3 SYSTEMPATH\CodeIgniter.php(500): CodeIgniter\CodeIgniter->createController()
 4 SYSTEMPATH\CodeIgniter.php(355): CodeIgniter\CodeIgniter->handleRequest(null, Object(Config\Cache), false)
 5 SYSTEMPATH\Boot.php(325): CodeIgniter\CodeIgniter->run()
 6 SYSTEMPATH\Boot.php(67): CodeIgniter\Boot::runCodeIgniter(Object(CodeIgniter\CodeIgniter))
 7 FCPATH\index.php(56): CodeIgniter\Boot::bootWeb(Object(Config\Paths))
WARNING - 2024-09-04 00:08:28 --> [DEPRECATED] Creation of dynamic property App\Controllers\testabel::$DataTables is deprecated in APPPATH\Controllers\testabel.php on line 12.
 1 SYSTEMPATH\CodeIgniter.php(903): App\Controllers\testabel->__construct()
 2 SYSTEMPATH\CodeIgniter.php(500): CodeIgniter\CodeIgniter->createController()
 3 SYSTEMPATH\CodeIgniter.php(355): CodeIgniter\CodeIgniter->handleRequest(null, Object(Config\Cache), false)
 4 SYSTEMPATH\Boot.php(325): CodeIgniter\CodeIgniter->run()
 5 SYSTEMPATH\Boot.php(67): CodeIgniter\Boot::runCodeIgniter(Object(CodeIgniter\CodeIgniter))
 6 FCPATH\index.php(56): CodeIgniter\Boot::bootWeb(Object(Config\Paths))
WARNING - 2024-09-04 00:08:28 --> [DEPRECATED] Creation of dynamic property App\Libraries\DataTables::$db is deprecated in APPPATH\Libraries\DataTables.php on line 9.
 1 APPPATH\Controllers\testabel.php(12): App\Libraries\DataTables->__construct()
 2 SYSTEMPATH\CodeIgniter.php(903): App\Controllers\testabel->__construct()
 3 SYSTEMPATH\CodeIgniter.php(500): CodeIgniter\CodeIgniter->createController()
 4 SYSTEMPATH\CodeIgniter.php(355): CodeIgniter\CodeIgniter->handleRequest(null, Object(Config\Cache), false)
 5 SYSTEMPATH\Boot.php(325): CodeIgniter\CodeIgniter->run()
 6 SYSTEMPATH\Boot.php(67): CodeIgniter\Boot::runCodeIgniter(Object(CodeIgniter\CodeIgniter))
 7 FCPATH\index.php(56): CodeIgniter\Boot::bootWeb(Object(Config\Paths))
WARNING - 2024-09-04 00:08:28 --> [DEPRECATED] Creation of dynamic property App\Controllers\testabel::$DataTables is deprecated in APPPATH\Controllers\testabel.php on line 12.
 1 SYSTEMPATH\CodeIgniter.php(903): App\Controllers\testabel->__construct()
 2 SYSTEMPATH\CodeIgniter.php(500): CodeIgniter\CodeIgniter->createController()
 3 SYSTEMPATH\CodeIgniter.php(355): CodeIgniter\CodeIgniter->handleRequest(null, Object(Config\Cache), false)
 4 SYSTEMPATH\Boot.php(325): CodeIgniter\CodeIgniter->run()
 5 SYSTEMPATH\Boot.php(67): CodeIgniter\Boot::runCodeIgniter(Object(CodeIgniter\CodeIgniter))
 6 FCPATH\index.php(56): CodeIgniter\Boot::bootWeb(Object(Config\Paths))
WARNING - 2024-09-04 01:04:31 --> [DEPRECATED] Creation of dynamic property App\Libraries\DataTables::$db is deprecated in APPPATH\Libraries\DataTables.php on line 9.
 1 APPPATH\Controllers\testabel.php(12): App\Libraries\DataTables->__construct()
 2 SYSTEMPATH\CodeIgniter.php(903): App\Controllers\testabel->__construct()
 3 SYSTEMPATH\CodeIgniter.php(500): CodeIgniter\CodeIgniter->createController()
 4 SYSTEMPATH\CodeIgniter.php(355): CodeIgniter\CodeIgniter->handleRequest(null, Object(Config\Cache), false)
 5 SYSTEMPATH\Boot.php(325): CodeIgniter\CodeIgniter->run()
 6 SYSTEMPATH\Boot.php(67): CodeIgniter\Boot::runCodeIgniter(Object(CodeIgniter\CodeIgniter))
 7 FCPATH\index.php(56): CodeIgniter\Boot::bootWeb(Object(Config\Paths))
WARNING - 2024-09-04 01:04:31 --> [DEPRECATED] Creation of dynamic property App\Controllers\testabel::$DataTables is deprecated in APPPATH\Controllers\testabel.php on line 12.
 1 SYSTEMPATH\CodeIgniter.php(903): App\Controllers\testabel->__construct()
 2 SYSTEMPATH\CodeIgniter.php(500): CodeIgniter\CodeIgniter->createController()
 3 SYSTEMPATH\CodeIgniter.php(355): CodeIgniter\CodeIgniter->handleRequest(null, Object(Config\Cache), false)
 4 SYSTEMPATH\Boot.php(325): CodeIgniter\CodeIgniter->run()
 5 SYSTEMPATH\Boot.php(67): CodeIgniter\Boot::runCodeIgniter(Object(CodeIgniter\CodeIgniter))
 6 FCPATH\index.php(56): CodeIgniter\Boot::bootWeb(Object(Config\Paths))
WARNING - 2024-09-04 01:04:33 --> [DEPRECATED] Creation of dynamic property App\Libraries\DataTables::$db is deprecated in APPPATH\Libraries\DataTables.php on line 9.
 1 APPPATH\Controllers\testabel.php(12): App\Libraries\DataTables->__construct()
 2 SYSTEMPATH\CodeIgniter.php(903): App\Controllers\testabel->__construct()
 3 SYSTEMPATH\CodeIgniter.php(500): CodeIgniter\CodeIgniter->createController()
 4 SYSTEMPATH\CodeIgniter.php(355): CodeIgniter\CodeIgniter->handleRequest(null, Object(Config\Cache), false)
 5 SYSTEMPATH\Boot.php(325): CodeIgniter\CodeIgniter->run()
 6 SYSTEMPATH\Boot.php(67): CodeIgniter\Boot::runCodeIgniter(Object(CodeIgniter\CodeIgniter))
 7 FCPATH\index.php(56): CodeIgniter\Boot::bootWeb(Object(Config\Paths))
WARNING - 2024-09-04 01:04:33 --> [DEPRECATED] Creation of dynamic property App\Controllers\testabel::$DataTables is deprecated in APPPATH\Controllers\testabel.php on line 12.
 1 SYSTEMPATH\CodeIgniter.php(903): App\Controllers\testabel->__construct()
 2 SYSTEMPATH\CodeIgniter.php(500): CodeIgniter\CodeIgniter->createController()
 3 SYSTEMPATH\CodeIgniter.php(355): CodeIgniter\CodeIgniter->handleRequest(null, Object(Config\Cache), false)
 4 SYSTEMPATH\Boot.php(325): CodeIgniter\CodeIgniter->run()
 5 SYSTEMPATH\Boot.php(67): CodeIgniter\Boot::runCodeIgniter(Object(CodeIgniter\CodeIgniter))
 6 FCPATH\index.php(56): CodeIgniter\Boot::bootWeb(Object(Config\Paths))
WARNING - 2024-09-04 01:10:54 --> [DEPRECATED] Creation of dynamic property App\Libraries\DataTables::$db is deprecated in APPPATH\Libraries\DataTables.php on line 9.
 1 APPPATH\Controllers\testabel.php(12): App\Libraries\DataTables->__construct()
 2 SYSTEMPATH\CodeIgniter.php(903): App\Controllers\testabel->__construct()
 3 SYSTEMPATH\CodeIgniter.php(500): CodeIgniter\CodeIgniter->createController()
 4 SYSTEMPATH\CodeIgniter.php(355): CodeIgniter\CodeIgniter->handleRequest(null, Object(Config\Cache), false)
 5 SYSTEMPATH\Boot.php(325): CodeIgniter\CodeIgniter->run()
 6 SYSTEMPATH\Boot.php(67): CodeIgniter\Boot::runCodeIgniter(Object(CodeIgniter\CodeIgniter))
 7 FCPATH\index.php(56): CodeIgniter\Boot::bootWeb(Object(Config\Paths))
WARNING - 2024-09-04 01:10:54 --> [DEPRECATED] Creation of dynamic property App\Controllers\testabel::$DataTables is deprecated in APPPATH\Controllers\testabel.php on line 12.
 1 SYSTEMPATH\CodeIgniter.php(903): App\Controllers\testabel->__construct()
 2 SYSTEMPATH\CodeIgniter.php(500): CodeIgniter\CodeIgniter->createController()
 3 SYSTEMPATH\CodeIgniter.php(355): CodeIgniter\CodeIgniter->handleRequest(null, Object(Config\Cache), false)
 4 SYSTEMPATH\Boot.php(325): CodeIgniter\CodeIgniter->run()
 5 SYSTEMPATH\Boot.php(67): CodeIgniter\Boot::runCodeIgniter(Object(CodeIgniter\CodeIgniter))
 6 FCPATH\index.php(56): CodeIgniter\Boot::bootWeb(Object(Config\Paths))
WARNING - 2024-09-04 01:10:55 --> [DEPRECATED] Creation of dynamic property App\Libraries\DataTables::$db is deprecated in APPPATH\Libraries\DataTables.php on line 9.
 1 APPPATH\Controllers\testabel.php(12): App\Libraries\DataTables->__construct()
 2 SYSTEMPATH\CodeIgniter.php(903): App\Controllers\testabel->__construct()
 3 SYSTEMPATH\CodeIgniter.php(500): CodeIgniter\CodeIgniter->createController()
 4 SYSTEMPATH\CodeIgniter.php(355): CodeIgniter\CodeIgniter->handleRequest(null, Object(Config\Cache), false)
 5 SYSTEMPATH\Boot.php(325): CodeIgniter\CodeIgniter->run()
 6 SYSTEMPATH\Boot.php(67): CodeIgniter\Boot::runCodeIgniter(Object(CodeIgniter\CodeIgniter))
 7 FCPATH\index.php(56): CodeIgniter\Boot::bootWeb(Object(Config\Paths))
WARNING - 2024-09-04 01:10:55 --> [DEPRECATED] Creation of dynamic property App\Controllers\testabel::$DataTables is deprecated in APPPATH\Controllers\testabel.php on line 12.
 1 SYSTEMPATH\CodeIgniter.php(903): App\Controllers\testabel->__construct()
 2 SYSTEMPATH\CodeIgniter.php(500): CodeIgniter\CodeIgniter->createController()
 3 SYSTEMPATH\CodeIgniter.php(355): CodeIgniter\CodeIgniter->handleRequest(null, Object(Config\Cache), false)
 4 SYSTEMPATH\Boot.php(325): CodeIgniter\CodeIgniter->run()
 5 SYSTEMPATH\Boot.php(67): CodeIgniter\Boot::runCodeIgniter(Object(CodeIgniter\CodeIgniter))
 6 FCPATH\index.php(56): CodeIgniter\Boot::bootWeb(Object(Config\Paths))
WARNING - 2024-09-04 01:11:18 --> [DEPRECATED] Creation of dynamic property App\Libraries\DataTables::$db is deprecated in APPPATH\Libraries\DataTables.php on line 9.
 1 APPPATH\Controllers\testabel.php(12): App\Libraries\DataTables->__construct()
 2 SYSTEMPATH\CodeIgniter.php(903): App\Controllers\testabel->__construct()
 3 SYSTEMPATH\CodeIgniter.php(500): CodeIgniter\CodeIgniter->createController()
 4 SYSTEMPATH\CodeIgniter.php(355): CodeIgniter\CodeIgniter->handleRequest(null, Object(Config\Cache), false)
 5 SYSTEMPATH\Boot.php(325): CodeIgniter\CodeIgniter->run()
 6 SYSTEMPATH\Boot.php(67): CodeIgniter\Boot::runCodeIgniter(Object(CodeIgniter\CodeIgniter))
 7 FCPATH\index.php(56): CodeIgniter\Boot::bootWeb(Object(Config\Paths))
WARNING - 2024-09-04 01:11:18 --> [DEPRECATED] Creation of dynamic property App\Controllers\testabel::$DataTables is deprecated in APPPATH\Controllers\testabel.php on line 12.
 1 SYSTEMPATH\CodeIgniter.php(903): App\Controllers\testabel->__construct()
 2 SYSTEMPATH\CodeIgniter.php(500): CodeIgniter\CodeIgniter->createController()
 3 SYSTEMPATH\CodeIgniter.php(355): CodeIgniter\CodeIgniter->handleRequest(null, Object(Config\Cache), false)
 4 SYSTEMPATH\Boot.php(325): CodeIgniter\CodeIgniter->run()
 5 SYSTEMPATH\Boot.php(67): CodeIgniter\Boot::runCodeIgniter(Object(CodeIgniter\CodeIgniter))
 6 FCPATH\index.php(56): CodeIgniter\Boot::bootWeb(Object(Config\Paths))
WARNING - 2024-09-04 01:11:18 --> [DEPRECATED] Creation of dynamic property App\Libraries\DataTables::$db is deprecated in APPPATH\Libraries\DataTables.php on line 9.
 1 APPPATH\Controllers\testabel.php(12): App\Libraries\DataTables->__construct()
 2 SYSTEMPATH\CodeIgniter.php(903): App\Controllers\testabel->__construct()
 3 SYSTEMPATH\CodeIgniter.php(500): CodeIgniter\CodeIgniter->createController()
 4 SYSTEMPATH\CodeIgniter.php(355): CodeIgniter\CodeIgniter->handleRequest(null, Object(Config\Cache), false)
 5 SYSTEMPATH\Boot.php(325): CodeIgniter\CodeIgniter->run()
 6 SYSTEMPATH\Boot.php(67): CodeIgniter\Boot::runCodeIgniter(Object(CodeIgniter\CodeIgniter))
 7 FCPATH\index.php(56): CodeIgniter\Boot::bootWeb(Object(Config\Paths))
WARNING - 2024-09-04 01:11:18 --> [DEPRECATED] Creation of dynamic property App\Controllers\testabel::$DataTables is deprecated in APPPATH\Controllers\testabel.php on line 12.
 1 SYSTEMPATH\CodeIgniter.php(903): App\Controllers\testabel->__construct()
 2 SYSTEMPATH\CodeIgniter.php(500): CodeIgniter\CodeIgniter->createController()
 3 SYSTEMPATH\CodeIgniter.php(355): CodeIgniter\CodeIgniter->handleRequest(null, Object(Config\Cache), false)
 4 SYSTEMPATH\Boot.php(325): CodeIgniter\CodeIgniter->run()
 5 SYSTEMPATH\Boot.php(67): CodeIgniter\Boot::runCodeIgniter(Object(CodeIgniter\CodeIgniter))
 6 FCPATH\index.php(56): CodeIgniter\Boot::bootWeb(Object(Config\Paths))
WARNING - 2024-09-04 01:13:24 --> [DEPRECATED] Creation of dynamic property App\Libraries\DataTables::$db is deprecated in APPPATH\Libraries\DataTables.php on line 9.
 1 APPPATH\Controllers\testabel.php(12): App\Libraries\DataTables->__construct()
 2 SYSTEMPATH\CodeIgniter.php(903): App\Controllers\testabel->__construct()
 3 SYSTEMPATH\CodeIgniter.php(500): CodeIgniter\CodeIgniter->createController()
 4 SYSTEMPATH\CodeIgniter.php(355): CodeIgniter\CodeIgniter->handleRequest(null, Object(Config\Cache), false)
 5 SYSTEMPATH\Boot.php(325): CodeIgniter\CodeIgniter->run()
 6 SYSTEMPATH\Boot.php(67): CodeIgniter\Boot::runCodeIgniter(Object(CodeIgniter\CodeIgniter))
 7 FCPATH\index.php(56): CodeIgniter\Boot::bootWeb(Object(Config\Paths))
WARNING - 2024-09-04 01:13:24 --> [DEPRECATED] Creation of dynamic property App\Controllers\testabel::$DataTables is deprecated in APPPATH\Controllers\testabel.php on line 12.
 1 SYSTEMPATH\CodeIgniter.php(903): App\Controllers\testabel->__construct()
 2 SYSTEMPATH\CodeIgniter.php(500): CodeIgniter\CodeIgniter->createController()
 3 SYSTEMPATH\CodeIgniter.php(355): CodeIgniter\CodeIgniter->handleRequest(null, Object(Config\Cache), false)
 4 SYSTEMPATH\Boot.php(325): CodeIgniter\CodeIgniter->run()
 5 SYSTEMPATH\Boot.php(67): CodeIgniter\Boot::runCodeIgniter(Object(CodeIgniter\CodeIgniter))
 6 FCPATH\index.php(56): CodeIgniter\Boot::bootWeb(Object(Config\Paths))
WARNING - 2024-09-04 01:13:28 --> [DEPRECATED] Creation of dynamic property App\Libraries\DataTables::$db is deprecated in APPPATH\Libraries\DataTables.php on line 9.
 1 APPPATH\Controllers\testabel.php(12): App\Libraries\DataTables->__construct()
 2 SYSTEMPATH\CodeIgniter.php(903): App\Controllers\testabel->__construct()
 3 SYSTEMPATH\CodeIgniter.php(500): CodeIgniter\CodeIgniter->createController()
 4 SYSTEMPATH\CodeIgniter.php(355): CodeIgniter\CodeIgniter->handleRequest(null, Object(Config\Cache), false)
 5 SYSTEMPATH\Boot.php(325): CodeIgniter\CodeIgniter->run()
 6 SYSTEMPATH\Boot.php(67): CodeIgniter\Boot::runCodeIgniter(Object(CodeIgniter\CodeIgniter))
 7 FCPATH\index.php(56): CodeIgniter\Boot::bootWeb(Object(Config\Paths))
WARNING - 2024-09-04 01:13:28 --> [DEPRECATED] Creation of dynamic property App\Controllers\testabel::$DataTables is deprecated in APPPATH\Controllers\testabel.php on line 12.
 1 SYSTEMPATH\CodeIgniter.php(903): App\Controllers\testabel->__construct()
 2 SYSTEMPATH\CodeIgniter.php(500): CodeIgniter\CodeIgniter->createController()
 3 SYSTEMPATH\CodeIgniter.php(355): CodeIgniter\CodeIgniter->handleRequest(null, Object(Config\Cache), false)
 4 SYSTEMPATH\Boot.php(325): CodeIgniter\CodeIgniter->run()
 5 SYSTEMPATH\Boot.php(67): CodeIgniter\Boot::runCodeIgniter(Object(CodeIgniter\CodeIgniter))
 6 FCPATH\index.php(56): CodeIgniter\Boot::bootWeb(Object(Config\Paths))
WARNING - 2024-09-04 04:36:16 --> [DEPRECATED] Creation of dynamic property App\Libraries\DataTables::$db is deprecated in APPPATH\Libraries\DataTables.php on line 9.
 1 APPPATH\Controllers\testabel.php(12): App\Libraries\DataTables->__construct()
 2 SYSTEMPATH\CodeIgniter.php(903): App\Controllers\testabel->__construct()
 3 SYSTEMPATH\CodeIgniter.php(500): CodeIgniter\CodeIgniter->createController()
 4 SYSTEMPATH\CodeIgniter.php(355): CodeIgniter\CodeIgniter->handleRequest(null, Object(Config\Cache), false)
 5 SYSTEMPATH\Boot.php(325): CodeIgniter\CodeIgniter->run()
 6 SYSTEMPATH\Boot.php(67): CodeIgniter\Boot::runCodeIgniter(Object(CodeIgniter\CodeIgniter))
 7 FCPATH\index.php(56): CodeIgniter\Boot::bootWeb(Object(Config\Paths))
WARNING - 2024-09-04 04:36:16 --> [DEPRECATED] Creation of dynamic property App\Controllers\testabel::$DataTables is deprecated in APPPATH\Controllers\testabel.php on line 12.
 1 SYSTEMPATH\CodeIgniter.php(903): App\Controllers\testabel->__construct()
 2 SYSTEMPATH\CodeIgniter.php(500): CodeIgniter\CodeIgniter->createController()
 3 SYSTEMPATH\CodeIgniter.php(355): CodeIgniter\CodeIgniter->handleRequest(null, Object(Config\Cache), false)
 4 SYSTEMPATH\Boot.php(325): CodeIgniter\CodeIgniter->run()
 5 SYSTEMPATH\Boot.php(67): CodeIgniter\Boot::runCodeIgniter(Object(CodeIgniter\CodeIgniter))
 6 FCPATH\index.php(56): CodeIgniter\Boot::bootWeb(Object(Config\Paths))
WARNING - 2024-09-04 04:36:17 --> [DEPRECATED] Creation of dynamic property App\Libraries\DataTables::$db is deprecated in APPPATH\Libraries\DataTables.php on line 9.
 1 APPPATH\Controllers\testabel.php(12): App\Libraries\DataTables->__construct()
 2 SYSTEMPATH\CodeIgniter.php(903): App\Controllers\testabel->__construct()
 3 SYSTEMPATH\CodeIgniter.php(500): CodeIgniter\CodeIgniter->createController()
 4 SYSTEMPATH\CodeIgniter.php(355): CodeIgniter\CodeIgniter->handleRequest(null, Object(Config\Cache), false)
 5 SYSTEMPATH\Boot.php(325): CodeIgniter\CodeIgniter->run()
 6 SYSTEMPATH\Boot.php(67): CodeIgniter\Boot::runCodeIgniter(Object(CodeIgniter\CodeIgniter))
 7 FCPATH\index.php(56): CodeIgniter\Boot::bootWeb(Object(Config\Paths))
WARNING - 2024-09-04 04:36:17 --> [DEPRECATED] Creation of dynamic property App\Controllers\testabel::$DataTables is deprecated in APPPATH\Controllers\testabel.php on line 12.
 1 SYSTEMPATH\CodeIgniter.php(903): App\Controllers\testabel->__construct()
 2 SYSTEMPATH\CodeIgniter.php(500): CodeIgniter\CodeIgniter->createController()
 3 SYSTEMPATH\CodeIgniter.php(355): CodeIgniter\CodeIgniter->handleRequest(null, Object(Config\Cache), false)
 4 SYSTEMPATH\Boot.php(325): CodeIgniter\CodeIgniter->run()
 5 SYSTEMPATH\Boot.php(67): CodeIgniter\Boot::runCodeIgniter(Object(CodeIgniter\CodeIgniter))
 6 FCPATH\index.php(56): CodeIgniter\Boot::bootWeb(Object(Config\Paths))
WARNING - 2024-09-04 04:59:04 --> [DEPRECATED] Creation of dynamic property App\Libraries\DataTables::$db is deprecated in APPPATH\Libraries\DataTables.php on line 9.
 1 APPPATH\Controllers\testabel.php(12): App\Libraries\DataTables->__construct()
 2 SYSTEMPATH\CodeIgniter.php(903): App\Controllers\testabel->__construct()
 3 SYSTEMPATH\CodeIgniter.php(500): CodeIgniter\CodeIgniter->createController()
 4 SYSTEMPATH\CodeIgniter.php(355): CodeIgniter\CodeIgniter->handleRequest(null, Object(Config\Cache), false)
 5 SYSTEMPATH\Boot.php(325): CodeIgniter\CodeIgniter->run()
 6 SYSTEMPATH\Boot.php(67): CodeIgniter\Boot::runCodeIgniter(Object(CodeIgniter\CodeIgniter))
 7 FCPATH\index.php(56): CodeIgniter\Boot::bootWeb(Object(Config\Paths))
WARNING - 2024-09-04 04:59:04 --> [DEPRECATED] Creation of dynamic property App\Controllers\testabel::$DataTables is deprecated in APPPATH\Controllers\testabel.php on line 12.
 1 SYSTEMPATH\CodeIgniter.php(903): App\Controllers\testabel->__construct()
 2 SYSTEMPATH\CodeIgniter.php(500): CodeIgniter\CodeIgniter->createController()
 3 SYSTEMPATH\CodeIgniter.php(355): CodeIgniter\CodeIgniter->handleRequest(null, Object(Config\Cache), false)
 4 SYSTEMPATH\Boot.php(325): CodeIgniter\CodeIgniter->run()
 5 SYSTEMPATH\Boot.php(67): CodeIgniter\Boot::runCodeIgniter(Object(CodeIgniter\CodeIgniter))
 6 FCPATH\index.php(56): CodeIgniter\Boot::bootWeb(Object(Config\Paths))
WARNING - 2024-09-04 04:59:05 --> [DEPRECATED] Creation of dynamic property App\Libraries\DataTables::$db is deprecated in APPPATH\Libraries\DataTables.php on line 9.
 1 APPPATH\Controllers\testabel.php(12): App\Libraries\DataTables->__construct()
 2 SYSTEMPATH\CodeIgniter.php(903): App\Controllers\testabel->__construct()
 3 SYSTEMPATH\CodeIgniter.php(500): CodeIgniter\CodeIgniter->createController()
 4 SYSTEMPATH\CodeIgniter.php(355): CodeIgniter\CodeIgniter->handleRequest(null, Object(Config\Cache), false)
 5 SYSTEMPATH\Boot.php(325): CodeIgniter\CodeIgniter->run()
 6 SYSTEMPATH\Boot.php(67): CodeIgniter\Boot::runCodeIgniter(Object(CodeIgniter\CodeIgniter))
 7 FCPATH\index.php(56): CodeIgniter\Boot::bootWeb(Object(Config\Paths))
WARNING - 2024-09-04 04:59:05 --> [DEPRECATED] Creation of dynamic property App\Controllers\testabel::$DataTables is deprecated in APPPATH\Controllers\testabel.php on line 12.
 1 SYSTEMPATH\CodeIgniter.php(903): App\Controllers\testabel->__construct()
 2 SYSTEMPATH\CodeIgniter.php(500): CodeIgniter\CodeIgniter->createController()
 3 SYSTEMPATH\CodeIgniter.php(355): CodeIgniter\CodeIgniter->handleRequest(null, Object(Config\Cache), false)
 4 SYSTEMPATH\Boot.php(325): CodeIgniter\CodeIgniter->run()
 5 SYSTEMPATH\Boot.php(67): CodeIgniter\Boot::runCodeIgniter(Object(CodeIgniter\CodeIgniter))
 6 FCPATH\index.php(56): CodeIgniter\Boot::bootWeb(Object(Config\Paths))
