CRITICAL - 2024-09-03 01:51:09 --> CodeIgniter\HTTP\Exceptions\BadRequestException: The URI you submitted has disallowed characters: "tes.php)"
[Method: GET, Route: tes.php%29]
in SYSTEMPATH\Router\Router.php on line 737.
 1 SYSTEMPATH\Router\Router.php(204): CodeIgniter\Router\Router->checkDisallowedChars('tes.php)')
 2 SYSTEMPATH\CodeIgniter.php(834): CodeIgniter\Router\Router->handle('tes.php)')
 3 SYSTEMPATH\CodeIgniter.php(457): CodeIgniter\CodeIgniter->tryToRouteIt(Object(CodeIgniter\Router\RouteCollection))
 4 SYSTEMPATH\CodeIgniter.php(355): CodeIgniter\CodeIgniter->handleRequest(null, Object(Config\Cache), false)
 5 SYSTEMPATH\Boot.php(325): CodeIgniter\CodeIgniter->run()
 6 SYSTEMPATH\Boot.php(67): CodeIgniter\Boot::runCodeIgniter(Object(CodeIgniter\CodeIgniter))
 7 FCPATH\index.php(56): CodeIgniter\Boot::bootWeb(Object(Config\Paths))
CRITICAL - 2024-09-03 01:51:23 --> CodeIgniter\HTTP\Exceptions\BadRequestException: The URI you submitted has disallowed characters: "tes)"
[Method: GET, Route: tes%29]
in SYSTEMPATH\Router\Router.php on line 737.
 1 SYSTEMPATH\Router\Router.php(204): CodeIgniter\Router\Router->checkDisallowedChars('tes)')
 2 SYSTEMPATH\CodeIgniter.php(834): CodeIgniter\Router\Router->handle('tes)')
 3 SYSTEMPATH\CodeIgniter.php(457): CodeIgniter\CodeIgniter->tryToRouteIt(Object(CodeIgniter\Router\RouteCollection))
 4 SYSTEMPATH\CodeIgniter.php(355): CodeIgniter\CodeIgniter->handleRequest(null, Object(Config\Cache), false)
 5 SYSTEMPATH\Boot.php(325): CodeIgniter\CodeIgniter->run()
 6 SYSTEMPATH\Boot.php(67): CodeIgniter\Boot::runCodeIgniter(Object(CodeIgniter\CodeIgniter))
 7 FCPATH\index.php(56): CodeIgniter\Boot::bootWeb(Object(Config\Paths))
CRITICAL - 2024-09-03 01:51:55 --> CodeIgniter\HTTP\Exceptions\BadRequestException: The URI you submitted has disallowed characters: "Tes)"
[Method: GET, Route: Tes%29]
in SYSTEMPATH\Router\Router.php on line 737.
 1 SYSTEMPATH\Router\Router.php(204): CodeIgniter\Router\Router->checkDisallowedChars('Tes)')
 2 SYSTEMPATH\CodeIgniter.php(834): CodeIgniter\Router\Router->handle('Tes)')
 3 SYSTEMPATH\CodeIgniter.php(457): CodeIgniter\CodeIgniter->tryToRouteIt(Object(CodeIgniter\Router\RouteCollection))
 4 SYSTEMPATH\CodeIgniter.php(355): CodeIgniter\CodeIgniter->handleRequest(null, Object(Config\Cache), false)
 5 SYSTEMPATH\Boot.php(325): CodeIgniter\CodeIgniter->run()
 6 SYSTEMPATH\Boot.php(67): CodeIgniter\Boot::runCodeIgniter(Object(CodeIgniter\CodeIgniter))
 7 FCPATH\index.php(56): CodeIgniter\Boot::bootWeb(Object(Config\Paths))
CRITICAL - 2024-09-03 01:56:33 --> Error: Cannot instantiate abstract class App\Controllers\BaseController
[Method: GET, Route: tes]
in SYSTEMPATH\CodeIgniter.php on line 903.
 1 SYSTEMPATH\CodeIgniter.php(500): CodeIgniter\CodeIgniter->createController()
 2 SYSTEMPATH\CodeIgniter.php(355): CodeIgniter\CodeIgniter->handleRequest(null, Object(Config\Cache), false)
 3 SYSTEMPATH\Boot.php(325): CodeIgniter\CodeIgniter->run()
 4 SYSTEMPATH\Boot.php(67): CodeIgniter\Boot::runCodeIgniter(Object(CodeIgniter\CodeIgniter))
 5 FCPATH\index.php(56): CodeIgniter\Boot::bootWeb(Object(Config\Paths))
CRITICAL - 2024-09-03 01:57:09 --> Error: Cannot instantiate abstract class App\Controllers\BaseController
[Method: GET, Route: tes]
in SYSTEMPATH\CodeIgniter.php on line 903.
 1 SYSTEMPATH\CodeIgniter.php(500): CodeIgniter\CodeIgniter->createController()
 2 SYSTEMPATH\CodeIgniter.php(355): CodeIgniter\CodeIgniter->handleRequest(null, Object(Config\Cache), false)
 3 SYSTEMPATH\Boot.php(325): CodeIgniter\CodeIgniter->run()
 4 SYSTEMPATH\Boot.php(67): CodeIgniter\Boot::runCodeIgniter(Object(CodeIgniter\CodeIgniter))
 5 FCPATH\index.php(56): CodeIgniter\Boot::bootWeb(Object(Config\Paths))
CRITICAL - 2024-09-03 01:57:25 --> Error: Cannot instantiate abstract class App\Controllers\BaseController
[Method: GET, Route: tes]
in SYSTEMPATH\CodeIgniter.php on line 903.
 1 SYSTEMPATH\CodeIgniter.php(500): CodeIgniter\CodeIgniter->createController()
 2 SYSTEMPATH\CodeIgniter.php(355): CodeIgniter\CodeIgniter->handleRequest(null, Object(Config\Cache), false)
 3 SYSTEMPATH\Boot.php(325): CodeIgniter\CodeIgniter->run()
 4 SYSTEMPATH\Boot.php(67): CodeIgniter\Boot::runCodeIgniter(Object(CodeIgniter\CodeIgniter))
 5 FCPATH\index.php(56): CodeIgniter\Boot::bootWeb(Object(Config\Paths))
CRITICAL - 2024-09-03 01:57:47 --> Error: Cannot instantiate abstract class App\Controllers\BaseController
[Method: GET, Route: tes]
in SYSTEMPATH\CodeIgniter.php on line 903.
 1 SYSTEMPATH\CodeIgniter.php(500): CodeIgniter\CodeIgniter->createController()
 2 SYSTEMPATH\CodeIgniter.php(355): CodeIgniter\CodeIgniter->handleRequest(null, Object(Config\Cache), false)
 3 SYSTEMPATH\Boot.php(325): CodeIgniter\CodeIgniter->run()
 4 SYSTEMPATH\Boot.php(67): CodeIgniter\Boot::runCodeIgniter(Object(CodeIgniter\CodeIgniter))
 5 FCPATH\index.php(56): CodeIgniter\Boot::bootWeb(Object(Config\Paths))
CRITICAL - 2024-09-03 01:58:40 --> Error: Cannot instantiate abstract class App\Controllers\BaseController
[Method: GET, Route: tes]
in SYSTEMPATH\CodeIgniter.php on line 903.
 1 SYSTEMPATH\CodeIgniter.php(500): CodeIgniter\CodeIgniter->createController()
 2 SYSTEMPATH\CodeIgniter.php(355): CodeIgniter\CodeIgniter->handleRequest(null, Object(Config\Cache), false)
 3 SYSTEMPATH\Boot.php(325): CodeIgniter\CodeIgniter->run()
 4 SYSTEMPATH\Boot.php(67): CodeIgniter\Boot::runCodeIgniter(Object(CodeIgniter\CodeIgniter))
 5 FCPATH\index.php(56): CodeIgniter\Boot::bootWeb(Object(Config\Paths))
<<<<<<< HEAD
CRITICAL - 2024-09-03 03:56:40 --> CodeIgniter\View\Exceptions\ViewException: Invalid file: "v_testabel.php"
[Method: GET, Route: testabel]
in SYSTEMPATH\Exceptions\FrameworkException.php on line 41.
 1 SYSTEMPATH\View\View.php(222): CodeIgniter\Exceptions\FrameworkException::forInvalidFile('v_testabel.php')
 2 SYSTEMPATH\Common.php(1169): CodeIgniter\View\View->render('v_testabel', [], true)
 3 APPPATH\Controllers\testabel.php(12): view('v_testabel')
 4 SYSTEMPATH\CodeIgniter.php(933): App\Controllers\testabel->index()
 5 SYSTEMPATH\CodeIgniter.php(509): CodeIgniter\CodeIgniter->runController(Object(App\Controllers\testabel))
=======
CRITICAL - 2024-09-03 03:47:17 --> CodeIgniter\View\Exceptions\ViewException: Invalid file: "tes.php"
[Method: GET, Route: tes]
in SYSTEMPATH\Exceptions\FrameworkException.php on line 41.
 1 SYSTEMPATH\View\View.php(222): CodeIgniter\Exceptions\FrameworkException::forInvalidFile('tes.php')
 2 SYSTEMPATH\Common.php(1169): CodeIgniter\View\View->render('tes', [], true)
 3 APPPATH\Controllers\Tes.php(9): view('tes')
 4 SYSTEMPATH\CodeIgniter.php(933): App\Controllers\Tes->index()
 5 SYSTEMPATH\CodeIgniter.php(509): CodeIgniter\CodeIgniter->runController(Object(App\Controllers\Tes))
 6 SYSTEMPATH\CodeIgniter.php(355): CodeIgniter\CodeIgniter->handleRequest(null, Object(Config\Cache), false)
 7 SYSTEMPATH\Boot.php(325): CodeIgniter\CodeIgniter->run()
 8 SYSTEMPATH\Boot.php(67): CodeIgniter\Boot::runCodeIgniter(Object(CodeIgniter\CodeIgniter))
 9 FCPATH\index.php(56): CodeIgniter\Boot::bootWeb(Object(Config\Paths))
CRITICAL - 2024-09-03 03:47:25 --> CodeIgniter\View\Exceptions\ViewException: Invalid file: "tes.php"
[Method: GET, Route: tes]
in SYSTEMPATH\Exceptions\FrameworkException.php on line 41.
 1 SYSTEMPATH\View\View.php(222): CodeIgniter\Exceptions\FrameworkException::forInvalidFile('tes.php')
 2 SYSTEMPATH\Common.php(1169): CodeIgniter\View\View->render('tes', [], true)
 3 APPPATH\Controllers\Tes.php(9): view('tes')
 4 SYSTEMPATH\CodeIgniter.php(933): App\Controllers\Tes->index()
 5 SYSTEMPATH\CodeIgniter.php(509): CodeIgniter\CodeIgniter->runController(Object(App\Controllers\Tes))
 6 SYSTEMPATH\CodeIgniter.php(355): CodeIgniter\CodeIgniter->handleRequest(null, Object(Config\Cache), false)
 7 SYSTEMPATH\Boot.php(325): CodeIgniter\CodeIgniter->run()
 8 SYSTEMPATH\Boot.php(67): CodeIgniter\Boot::runCodeIgniter(Object(CodeIgniter\CodeIgniter))
 9 FCPATH\index.php(56): CodeIgniter\Boot::bootWeb(Object(Config\Paths))
CRITICAL - 2024-09-03 03:47:28 --> CodeIgniter\View\Exceptions\ViewException: Invalid file: "tes.php"
[Method: GET, Route: tes]
in SYSTEMPATH\Exceptions\FrameworkException.php on line 41.
 1 SYSTEMPATH\View\View.php(222): CodeIgniter\Exceptions\FrameworkException::forInvalidFile('tes.php')
 2 SYSTEMPATH\Common.php(1169): CodeIgniter\View\View->render('tes', [], true)
 3 APPPATH\Controllers\Tes.php(9): view('tes')
 4 SYSTEMPATH\CodeIgniter.php(933): App\Controllers\Tes->index()
 5 SYSTEMPATH\CodeIgniter.php(509): CodeIgniter\CodeIgniter->runController(Object(App\Controllers\Tes))
>>>>>>> 152d8fa9aeec880cafbd2faac3f1da21e856eec7
 6 SYSTEMPATH\CodeIgniter.php(355): CodeIgniter\CodeIgniter->handleRequest(null, Object(Config\Cache), false)
 7 SYSTEMPATH\Boot.php(325): CodeIgniter\CodeIgniter->run()
 8 SYSTEMPATH\Boot.php(67): CodeIgniter\Boot::runCodeIgniter(Object(CodeIgniter\CodeIgniter))
 9 FCPATH\index.php(56): CodeIgniter\Boot::bootWeb(Object(Config\Paths))
WARNING - 2024-09-03 05:51:28 --> [DEPRECATED] Creation of dynamic property App\Libraries\DataTables::$db is deprecated in APPPATH\Libraries\DataTables.php on line 9.
 1 APPPATH\Controllers\testabel.php(18): App\Libraries\DataTables->__construct()
 2 SYSTEMPATH\CodeIgniter.php(903): App\Controllers\testabel->__construct()
 3 SYSTEMPATH\CodeIgniter.php(500): CodeIgniter\CodeIgniter->createController()
 4 SYSTEMPATH\CodeIgniter.php(355): CodeIgniter\CodeIgniter->handleRequest(null, Object(Config\Cache), false)
 5 SYSTEMPATH\Boot.php(325): CodeIgniter\CodeIgniter->run()
 6 SYSTEMPATH\Boot.php(67): CodeIgniter\Boot::runCodeIgniter(Object(CodeIgniter\CodeIgniter))
 7 FCPATH\index.php(56): CodeIgniter\Boot::bootWeb(Object(Config\Paths))
WARNING - 2024-09-03 05:51:28 --> [DEPRECATED] Creation of dynamic property App\Controllers\testabel::$DataTables is deprecated in APPPATH\Controllers\testabel.php on line 18.
 1 SYSTEMPATH\CodeIgniter.php(903): App\Controllers\testabel->__construct()
 2 SYSTEMPATH\CodeIgniter.php(500): CodeIgniter\CodeIgniter->createController()
 3 SYSTEMPATH\CodeIgniter.php(355): CodeIgniter\CodeIgniter->handleRequest(null, Object(Config\Cache), false)
 4 SYSTEMPATH\Boot.php(325): CodeIgniter\CodeIgniter->run()
 5 SYSTEMPATH\Boot.php(67): CodeIgniter\Boot::runCodeIgniter(Object(CodeIgniter\CodeIgniter))
 6 FCPATH\index.php(56): CodeIgniter\Boot::bootWeb(Object(Config\Paths))
WARNING - 2024-09-03 05:51:33 --> [DEPRECATED] Creation of dynamic property App\Libraries\DataTables::$db is deprecated in APPPATH\Libraries\DataTables.php on line 9.
 1 APPPATH\Controllers\testabel.php(18): App\Libraries\DataTables->__construct()
 2 SYSTEMPATH\CodeIgniter.php(903): App\Controllers\testabel->__construct()
 3 SYSTEMPATH\CodeIgniter.php(500): CodeIgniter\CodeIgniter->createController()
 4 SYSTEMPATH\CodeIgniter.php(355): CodeIgniter\CodeIgniter->handleRequest(null, Object(Config\Cache), false)
 5 SYSTEMPATH\Boot.php(325): CodeIgniter\CodeIgniter->run()
 6 SYSTEMPATH\Boot.php(67): CodeIgniter\Boot::runCodeIgniter(Object(CodeIgniter\CodeIgniter))
 7 FCPATH\index.php(56): CodeIgniter\Boot::bootWeb(Object(Config\Paths))
WARNING - 2024-09-03 05:51:33 --> [DEPRECATED] Creation of dynamic property App\Controllers\testabel::$DataTables is deprecated in APPPATH\Controllers\testabel.php on line 18.
 1 SYSTEMPATH\CodeIgniter.php(903): App\Controllers\testabel->__construct()
 2 SYSTEMPATH\CodeIgniter.php(500): CodeIgniter\CodeIgniter->createController()
 3 SYSTEMPATH\CodeIgniter.php(355): CodeIgniter\CodeIgniter->handleRequest(null, Object(Config\Cache), false)
 4 SYSTEMPATH\Boot.php(325): CodeIgniter\CodeIgniter->run()
 5 SYSTEMPATH\Boot.php(67): CodeIgniter\Boot::runCodeIgniter(Object(CodeIgniter\CodeIgniter))
 6 FCPATH\index.php(56): CodeIgniter\Boot::bootWeb(Object(Config\Paths))
WARNING - 2024-09-03 05:53:10 --> [DEPRECATED] Creation of dynamic property App\Libraries\DataTables::$db is deprecated in APPPATH\Libraries\DataTables.php on line 9.
 1 APPPATH\Controllers\testabel.php(18): App\Libraries\DataTables->__construct()
 2 SYSTEMPATH\CodeIgniter.php(903): App\Controllers\testabel->__construct()
 3 SYSTEMPATH\CodeIgniter.php(500): CodeIgniter\CodeIgniter->createController()
 4 SYSTEMPATH\CodeIgniter.php(355): CodeIgniter\CodeIgniter->handleRequest(null, Object(Config\Cache), false)
 5 SYSTEMPATH\Boot.php(325): CodeIgniter\CodeIgniter->run()
 6 SYSTEMPATH\Boot.php(67): CodeIgniter\Boot::runCodeIgniter(Object(CodeIgniter\CodeIgniter))
 7 FCPATH\index.php(56): CodeIgniter\Boot::bootWeb(Object(Config\Paths))
WARNING - 2024-09-03 05:53:10 --> [DEPRECATED] Creation of dynamic property App\Controllers\testabel::$DataTables is deprecated in APPPATH\Controllers\testabel.php on line 18.
 1 SYSTEMPATH\CodeIgniter.php(903): App\Controllers\testabel->__construct()
 2 SYSTEMPATH\CodeIgniter.php(500): CodeIgniter\CodeIgniter->createController()
 3 SYSTEMPATH\CodeIgniter.php(355): CodeIgniter\CodeIgniter->handleRequest(null, Object(Config\Cache), false)
 4 SYSTEMPATH\Boot.php(325): CodeIgniter\CodeIgniter->run()
 5 SYSTEMPATH\Boot.php(67): CodeIgniter\Boot::runCodeIgniter(Object(CodeIgniter\CodeIgniter))
 6 FCPATH\index.php(56): CodeIgniter\Boot::bootWeb(Object(Config\Paths))
WARNING - 2024-09-03 05:55:21 --> [DEPRECATED] Creation of dynamic property App\Libraries\DataTables::$db is deprecated in APPPATH\Libraries\DataTables.php on line 9.
 1 APPPATH\Controllers\testabel.php(18): App\Libraries\DataTables->__construct()
 2 SYSTEMPATH\CodeIgniter.php(903): App\Controllers\testabel->__construct()
 3 SYSTEMPATH\CodeIgniter.php(500): CodeIgniter\CodeIgniter->createController()
 4 SYSTEMPATH\CodeIgniter.php(355): CodeIgniter\CodeIgniter->handleRequest(null, Object(Config\Cache), false)
 5 SYSTEMPATH\Boot.php(325): CodeIgniter\CodeIgniter->run()
 6 SYSTEMPATH\Boot.php(67): CodeIgniter\Boot::runCodeIgniter(Object(CodeIgniter\CodeIgniter))
 7 FCPATH\index.php(56): CodeIgniter\Boot::bootWeb(Object(Config\Paths))
WARNING - 2024-09-03 05:55:21 --> [DEPRECATED] Creation of dynamic property App\Controllers\testabel::$DataTables is deprecated in APPPATH\Controllers\testabel.php on line 18.
 1 SYSTEMPATH\CodeIgniter.php(903): App\Controllers\testabel->__construct()
 2 SYSTEMPATH\CodeIgniter.php(500): CodeIgniter\CodeIgniter->createController()
 3 SYSTEMPATH\CodeIgniter.php(355): CodeIgniter\CodeIgniter->handleRequest(null, Object(Config\Cache), false)
 4 SYSTEMPATH\Boot.php(325): CodeIgniter\CodeIgniter->run()
 5 SYSTEMPATH\Boot.php(67): CodeIgniter\Boot::runCodeIgniter(Object(CodeIgniter\CodeIgniter))
 6 FCPATH\index.php(56): CodeIgniter\Boot::bootWeb(Object(Config\Paths))
WARNING - 2024-09-03 06:26:18 --> [DEPRECATED] Creation of dynamic property App\Libraries\DataTables::$db is deprecated in APPPATH\Libraries\DataTables.php on line 9.
 1 APPPATH\Controllers\testabel.php(18): App\Libraries\DataTables->__construct()
 2 SYSTEMPATH\CodeIgniter.php(903): App\Controllers\testabel->__construct()
 3 SYSTEMPATH\CodeIgniter.php(500): CodeIgniter\CodeIgniter->createController()
 4 SYSTEMPATH\CodeIgniter.php(355): CodeIgniter\CodeIgniter->handleRequest(null, Object(Config\Cache), false)
 5 SYSTEMPATH\Boot.php(325): CodeIgniter\CodeIgniter->run()
 6 SYSTEMPATH\Boot.php(67): CodeIgniter\Boot::runCodeIgniter(Object(CodeIgniter\CodeIgniter))
 7 FCPATH\index.php(56): CodeIgniter\Boot::bootWeb(Object(Config\Paths))
WARNING - 2024-09-03 06:26:18 --> [DEPRECATED] Creation of dynamic property App\Controllers\testabel::$DataTables is deprecated in APPPATH\Controllers\testabel.php on line 18.
 1 SYSTEMPATH\CodeIgniter.php(903): App\Controllers\testabel->__construct()
 2 SYSTEMPATH\CodeIgniter.php(500): CodeIgniter\CodeIgniter->createController()
 3 SYSTEMPATH\CodeIgniter.php(355): CodeIgniter\CodeIgniter->handleRequest(null, Object(Config\Cache), false)
 4 SYSTEMPATH\Boot.php(325): CodeIgniter\CodeIgniter->run()
 5 SYSTEMPATH\Boot.php(67): CodeIgniter\Boot::runCodeIgniter(Object(CodeIgniter\CodeIgniter))
 6 FCPATH\index.php(56): CodeIgniter\Boot::bootWeb(Object(Config\Paths))
WARNING - 2024-09-03 06:30:28 --> [DEPRECATED] Creation of dynamic property App\Libraries\DataTables::$db is deprecated in APPPATH\Libraries\DataTables.php on line 9.
 1 APPPATH\Controllers\testabel.php(18): App\Libraries\DataTables->__construct()
 2 SYSTEMPATH\CodeIgniter.php(903): App\Controllers\testabel->__construct()
 3 SYSTEMPATH\CodeIgniter.php(500): CodeIgniter\CodeIgniter->createController()
 4 SYSTEMPATH\CodeIgniter.php(355): CodeIgniter\CodeIgniter->handleRequest(null, Object(Config\Cache), false)
 5 SYSTEMPATH\Boot.php(325): CodeIgniter\CodeIgniter->run()
 6 SYSTEMPATH\Boot.php(67): CodeIgniter\Boot::runCodeIgniter(Object(CodeIgniter\CodeIgniter))
 7 FCPATH\index.php(56): CodeIgniter\Boot::bootWeb(Object(Config\Paths))
WARNING - 2024-09-03 06:30:28 --> [DEPRECATED] Creation of dynamic property App\Controllers\testabel::$DataTables is deprecated in APPPATH\Controllers\testabel.php on line 18.
 1 SYSTEMPATH\CodeIgniter.php(903): App\Controllers\testabel->__construct()
 2 SYSTEMPATH\CodeIgniter.php(500): CodeIgniter\CodeIgniter->createController()
 3 SYSTEMPATH\CodeIgniter.php(355): CodeIgniter\CodeIgniter->handleRequest(null, Object(Config\Cache), false)
 4 SYSTEMPATH\Boot.php(325): CodeIgniter\CodeIgniter->run()
 5 SYSTEMPATH\Boot.php(67): CodeIgniter\Boot::runCodeIgniter(Object(CodeIgniter\CodeIgniter))
 6 FCPATH\index.php(56): CodeIgniter\Boot::bootWeb(Object(Config\Paths))
WARNING - 2024-09-03 06:30:30 --> [DEPRECATED] Creation of dynamic property App\Libraries\DataTables::$db is deprecated in APPPATH\Libraries\DataTables.php on line 9.
 1 APPPATH\Controllers\testabel.php(18): App\Libraries\DataTables->__construct()
 2 SYSTEMPATH\CodeIgniter.php(903): App\Controllers\testabel->__construct()
 3 SYSTEMPATH\CodeIgniter.php(500): CodeIgniter\CodeIgniter->createController()
 4 SYSTEMPATH\CodeIgniter.php(355): CodeIgniter\CodeIgniter->handleRequest(null, Object(Config\Cache), false)
 5 SYSTEMPATH\Boot.php(325): CodeIgniter\CodeIgniter->run()
 6 SYSTEMPATH\Boot.php(67): CodeIgniter\Boot::runCodeIgniter(Object(CodeIgniter\CodeIgniter))
 7 FCPATH\index.php(56): CodeIgniter\Boot::bootWeb(Object(Config\Paths))
WARNING - 2024-09-03 06:30:30 --> [DEPRECATED] Creation of dynamic property App\Controllers\testabel::$DataTables is deprecated in APPPATH\Controllers\testabel.php on line 18.
 1 SYSTEMPATH\CodeIgniter.php(903): App\Controllers\testabel->__construct()
 2 SYSTEMPATH\CodeIgniter.php(500): CodeIgniter\CodeIgniter->createController()
 3 SYSTEMPATH\CodeIgniter.php(355): CodeIgniter\CodeIgniter->handleRequest(null, Object(Config\Cache), false)
 4 SYSTEMPATH\Boot.php(325): CodeIgniter\CodeIgniter->run()
 5 SYSTEMPATH\Boot.php(67): CodeIgniter\Boot::runCodeIgniter(Object(CodeIgniter\CodeIgniter))
 6 FCPATH\index.php(56): CodeIgniter\Boot::bootWeb(Object(Config\Paths))
WARNING - 2024-09-03 06:40:54 --> [DEPRECATED] Creation of dynamic property App\Libraries\DataTables::$db is deprecated in APPPATH\Libraries\DataTables.php on line 9.
 1 APPPATH\Controllers\testabel.php(18): App\Libraries\DataTables->__construct()
 2 SYSTEMPATH\CodeIgniter.php(903): App\Controllers\testabel->__construct()
 3 SYSTEMPATH\CodeIgniter.php(500): CodeIgniter\CodeIgniter->createController()
 4 SYSTEMPATH\CodeIgniter.php(355): CodeIgniter\CodeIgniter->handleRequest(null, Object(Config\Cache), false)
 5 SYSTEMPATH\Boot.php(325): CodeIgniter\CodeIgniter->run()
 6 SYSTEMPATH\Boot.php(67): CodeIgniter\Boot::runCodeIgniter(Object(CodeIgniter\CodeIgniter))
 7 FCPATH\index.php(56): CodeIgniter\Boot::bootWeb(Object(Config\Paths))
WARNING - 2024-09-03 06:40:54 --> [DEPRECATED] Creation of dynamic property App\Controllers\testabel::$DataTables is deprecated in APPPATH\Controllers\testabel.php on line 18.
 1 SYSTEMPATH\CodeIgniter.php(903): App\Controllers\testabel->__construct()
 2 SYSTEMPATH\CodeIgniter.php(500): CodeIgniter\CodeIgniter->createController()
 3 SYSTEMPATH\CodeIgniter.php(355): CodeIgniter\CodeIgniter->handleRequest(null, Object(Config\Cache), false)
 4 SYSTEMPATH\Boot.php(325): CodeIgniter\CodeIgniter->run()
 5 SYSTEMPATH\Boot.php(67): CodeIgniter\Boot::runCodeIgniter(Object(CodeIgniter\CodeIgniter))
 6 FCPATH\index.php(56): CodeIgniter\Boot::bootWeb(Object(Config\Paths))
WARNING - 2024-09-03 06:43:48 --> [DEPRECATED] Creation of dynamic property App\Libraries\DataTables::$db is deprecated in APPPATH\Libraries\DataTables.php on line 9.
 1 APPPATH\Controllers\testabel.php(18): App\Libraries\DataTables->__construct()
 2 SYSTEMPATH\CodeIgniter.php(903): App\Controllers\testabel->__construct()
 3 SYSTEMPATH\CodeIgniter.php(500): CodeIgniter\CodeIgniter->createController()
 4 SYSTEMPATH\CodeIgniter.php(355): CodeIgniter\CodeIgniter->handleRequest(null, Object(Config\Cache), false)
 5 SYSTEMPATH\Boot.php(325): CodeIgniter\CodeIgniter->run()
 6 SYSTEMPATH\Boot.php(67): CodeIgniter\Boot::runCodeIgniter(Object(CodeIgniter\CodeIgniter))
 7 FCPATH\index.php(56): CodeIgniter\Boot::bootWeb(Object(Config\Paths))
WARNING - 2024-09-03 06:43:48 --> [DEPRECATED] Creation of dynamic property App\Controllers\testabel::$DataTables is deprecated in APPPATH\Controllers\testabel.php on line 18.
 1 SYSTEMPATH\CodeIgniter.php(903): App\Controllers\testabel->__construct()
 2 SYSTEMPATH\CodeIgniter.php(500): CodeIgniter\CodeIgniter->createController()
 3 SYSTEMPATH\CodeIgniter.php(355): CodeIgniter\CodeIgniter->handleRequest(null, Object(Config\Cache), false)
 4 SYSTEMPATH\Boot.php(325): CodeIgniter\CodeIgniter->run()
 5 SYSTEMPATH\Boot.php(67): CodeIgniter\Boot::runCodeIgniter(Object(CodeIgniter\CodeIgniter))
 6 FCPATH\index.php(56): CodeIgniter\Boot::bootWeb(Object(Config\Paths))
WARNING - 2024-09-03 06:47:37 --> [DEPRECATED] Creation of dynamic property App\Libraries\DataTables::$db is deprecated in APPPATH\Libraries\DataTables.php on line 9.
 1 APPPATH\Controllers\testabel.php(18): App\Libraries\DataTables->__construct()
 2 SYSTEMPATH\CodeIgniter.php(903): App\Controllers\testabel->__construct()
 3 SYSTEMPATH\CodeIgniter.php(500): CodeIgniter\CodeIgniter->createController()
 4 SYSTEMPATH\CodeIgniter.php(355): CodeIgniter\CodeIgniter->handleRequest(null, Object(Config\Cache), false)
 5 SYSTEMPATH\Boot.php(325): CodeIgniter\CodeIgniter->run()
 6 SYSTEMPATH\Boot.php(67): CodeIgniter\Boot::runCodeIgniter(Object(CodeIgniter\CodeIgniter))
 7 FCPATH\index.php(56): CodeIgniter\Boot::bootWeb(Object(Config\Paths))
WARNING - 2024-09-03 06:47:37 --> [DEPRECATED] Creation of dynamic property App\Controllers\testabel::$DataTables is deprecated in APPPATH\Controllers\testabel.php on line 18.
 1 SYSTEMPATH\CodeIgniter.php(903): App\Controllers\testabel->__construct()
 2 SYSTEMPATH\CodeIgniter.php(500): CodeIgniter\CodeIgniter->createController()
 3 SYSTEMPATH\CodeIgniter.php(355): CodeIgniter\CodeIgniter->handleRequest(null, Object(Config\Cache), false)
 4 SYSTEMPATH\Boot.php(325): CodeIgniter\CodeIgniter->run()
 5 SYSTEMPATH\Boot.php(67): CodeIgniter\Boot::runCodeIgniter(Object(CodeIgniter\CodeIgniter))
 6 FCPATH\index.php(56): CodeIgniter\Boot::bootWeb(Object(Config\Paths))
WARNING - 2024-09-03 06:47:38 --> [DEPRECATED] Creation of dynamic property App\Libraries\DataTables::$db is deprecated in APPPATH\Libraries\DataTables.php on line 9.
 1 APPPATH\Controllers\testabel.php(18): App\Libraries\DataTables->__construct()
 2 SYSTEMPATH\CodeIgniter.php(903): App\Controllers\testabel->__construct()
 3 SYSTEMPATH\CodeIgniter.php(500): CodeIgniter\CodeIgniter->createController()
 4 SYSTEMPATH\CodeIgniter.php(355): CodeIgniter\CodeIgniter->handleRequest(null, Object(Config\Cache), false)
 5 SYSTEMPATH\Boot.php(325): CodeIgniter\CodeIgniter->run()
 6 SYSTEMPATH\Boot.php(67): CodeIgniter\Boot::runCodeIgniter(Object(CodeIgniter\CodeIgniter))
 7 FCPATH\index.php(56): CodeIgniter\Boot::bootWeb(Object(Config\Paths))
WARNING - 2024-09-03 06:47:38 --> [DEPRECATED] Creation of dynamic property App\Controllers\testabel::$DataTables is deprecated in APPPATH\Controllers\testabel.php on line 18.
 1 SYSTEMPATH\CodeIgniter.php(903): App\Controllers\testabel->__construct()
 2 SYSTEMPATH\CodeIgniter.php(500): CodeIgniter\CodeIgniter->createController()
 3 SYSTEMPATH\CodeIgniter.php(355): CodeIgniter\CodeIgniter->handleRequest(null, Object(Config\Cache), false)
 4 SYSTEMPATH\Boot.php(325): CodeIgniter\CodeIgniter->run()
 5 SYSTEMPATH\Boot.php(67): CodeIgniter\Boot::runCodeIgniter(Object(CodeIgniter\CodeIgniter))
 6 FCPATH\index.php(56): CodeIgniter\Boot::bootWeb(Object(Config\Paths))
